<component name="libraryTable">
  <library name="junit-4.11-SNAPSHOT-20120416-1530">
    <CLASSES>
      <root url="jar://$PROJECT_DIR$/lib/junit-4.11-SNAPSHOT-20120416-1530.jar!/" />
    </CLASSES>
    <JAVADOC />
    <SOURCES />
  </library>
</component>